<?xml version="1.0" encoding="UTF-8"?>
<!-- Generated by org.testng.reporters.JUnitReportReporter -->
<testsuite hostname="DESKTOP-9O42QPI" failures="0" tests="2" name="com.orange_project.orange_testNg" time="18.106" errors="0" timestamp="2023-01-21T02:14:57 IST" skipped="0">
  <testcase classname="com.orange_project.orange_testNg" name="url_Launch" time="9.384"/>
  <system-out/>
  <testcase classname="com.orange_project.orange_testNg" name="login" time="8.722"/>
  <system-out/>
</testsuite> <!-- com.orange_project.orange_testNg -->
