<?xml version="1.0" encoding="UTF-8"?>
<!-- Generated by org.testng.reporters.JUnitReportReporter -->
<testsuite hostname="DESKTOP-9O42QPI" failures="0" tests="5" name="com.orange_project.orange_RunnerClass" time="30.283" errors="0" timestamp="2023-01-21T06:32:54 IST" skipped="0">
  <testcase classname="com.orange_project.orange_RunnerClass" name="browserLaunch" time="11.600"/>
  <system-out/>
  <testcase classname="com.orange_project.orange_RunnerClass" name="getUserId" time="3.066"/>
  <system-out/>
  <testcase classname="com.orange_project.orange_RunnerClass" name="getPassword" time="6.059"/>
  <system-out/>
  <testcase classname="com.orange_project.orange_RunnerClass" name="passingUserId" time="6.294"/>
  <system-out/>
  <testcase classname="com.orange_project.orange_RunnerClass" name="passPassword" time="3.264"/>
  <system-out/>
</testsuite> <!-- com.orange_project.orange_RunnerClass -->
