<?xml version="1.0" encoding="UTF-8"?>
<!-- Generated by org.testng.reporters.JUnitReportReporter -->
<testsuite hostname="DESKTOP-9O42QPI" failures="0" tests="5" name="com.orange_project.Pom_Runnerclass" time="31.072" errors="0" timestamp="2023-01-21T06:41:45 IST" skipped="0">
  <testcase classname="com.orange_project.Pom_Runnerclass" name="browserLaunch" time="12.529"/>
  <system-out/>
  <testcase classname="com.orange_project.Pom_Runnerclass" name="getUserId" time="3.125"/>
  <system-out/>
  <testcase classname="com.orange_project.Pom_Runnerclass" name="getPassword" time="6.053"/>
  <system-out/>
  <testcase classname="com.orange_project.Pom_Runnerclass" name="passingUserId" time="6.182"/>
  <system-out/>
  <testcase classname="com.orange_project.Pom_Runnerclass" name="passPassword" time="3.183"/>
  <system-out/>
</testsuite> <!-- com.orange_project.Pom_Runnerclass -->
